2023-04-05 14:19:52,175 INFO org.hibernate.validator.internal.util.Version [background-preinit] HV000001: Hibernate Validator 6.2.5.Final
2023-04-05 14:19:52,172 INFO org.springframework.boot.StartupInfoLogger [restartedMain] Starting ElectronicStoreApplication using Java 19.0.2 on DESKTOP-6L2TBG8 with PID 20624 (C:\Users\Dhananjay\Desktop\BikkadIT\E Commere New\Electronic_Store\target\classes started by Dhananjay in C:\Users\Dhananjay\Desktop\BikkadIT\E Commere New\Electronic_Store)
2023-04-05 14:19:52,177 DEBUG org.springframework.boot.StartupInfoLogger [restartedMain] Running with Spring Boot v2.7.9, Spring v5.3.25
2023-04-05 14:19:52,179 INFO org.springframework.boot.SpringApplication [restartedMain] The following 1 profile is active: "dev"
2023-04-05 14:19:52,264 INFO org.springframework.boot.logging.DeferredLog [restartedMain] Devtools property defaults active! Set 'spring.devtools.add-properties' to 'false' to disable
2023-04-05 14:19:52,265 INFO org.springframework.boot.logging.DeferredLog [restartedMain] For additional web related logging consider setting the 'logging.level.web' property to 'DEBUG'
2023-04-05 14:19:53,313 INFO org.springframework.data.repository.config.RepositoryConfigurationDelegate [restartedMain] Bootstrapping Spring Data JPA repositories in DEFAULT mode.
2023-04-05 14:19:53,417 INFO org.springframework.data.repository.config.RepositoryConfigurationDelegate [restartedMain] Finished Spring Data repository scanning in 90 ms. Found 1 JPA repository interfaces.
2023-04-05 14:19:54,650 INFO org.springframework.boot.web.embedded.tomcat.TomcatWebServer [restartedMain] Tomcat initialized with port(s): 9090 (http)
2023-04-05 14:19:54,667 INFO org.apache.juli.logging.DirectJDKLog [restartedMain] Initializing ProtocolHandler ["http-nio-9090"]
2023-04-05 14:19:54,669 INFO org.apache.juli.logging.DirectJDKLog [restartedMain] Starting service [Tomcat]
2023-04-05 14:19:54,669 INFO org.apache.juli.logging.DirectJDKLog [restartedMain] Starting Servlet engine: [Apache Tomcat/9.0.71]
2023-04-05 14:19:54,787 INFO org.apache.juli.logging.DirectJDKLog [restartedMain] Initializing Spring embedded WebApplicationContext
2023-04-05 14:19:54,787 INFO org.springframework.boot.web.servlet.context.ServletWebServerApplicationContext [restartedMain] Root WebApplicationContext: initialization completed in 2521 ms
2023-04-05 14:19:55,037 INFO org.hibernate.jpa.internal.util.LogHelper [restartedMain] HHH000204: Processing PersistenceUnitInfo [name: default]
2023-04-05 14:19:55,120 INFO org.hibernate.Version [restartedMain] HHH000412: Hibernate ORM core version 5.6.15.Final
2023-04-05 14:19:55,367 INFO org.hibernate.annotations.common.reflection.java.JavaReflectionManager [restartedMain] HCANN000001: Hibernate Commons Annotations {5.1.2.Final}
2023-04-05 14:19:55,504 INFO com.zaxxer.hikari.HikariDataSource [restartedMain] HikariPool-1 - Starting...
2023-04-05 14:19:55,966 INFO com.zaxxer.hikari.HikariDataSource [restartedMain] HikariPool-1 - Start completed.
2023-04-05 14:19:55,993 INFO org.hibernate.dialect.Dialect [restartedMain] HHH000400: Using dialect: org.hibernate.dialect.MySQL8Dialect
2023-04-05 14:19:56,950 INFO org.hibernate.engine.transaction.jta.platform.internal.JtaPlatformInitiator [restartedMain] HHH000490: Using JtaPlatform implementation: [org.hibernate.engine.transaction.jta.platform.internal.NoJtaPlatform]
2023-04-05 14:19:56,963 INFO org.springframework.orm.jpa.AbstractEntityManagerFactoryBean [restartedMain] Initialized JPA EntityManagerFactory for persistence unit 'default'
2023-04-05 14:19:57,670 WARN org.springframework.boot.autoconfigure.orm.jpa.JpaBaseConfiguration$JpaWebConfiguration [restartedMain] spring.jpa.open-in-view is enabled by default. Therefore, database queries may be performed during view rendering. Explicitly configure spring.jpa.open-in-view to disable this warning
2023-04-05 14:19:58,171 INFO org.springframework.boot.devtools.autoconfigure.OptionalLiveReloadServer [restartedMain] LiveReload server is running on port 35729
2023-04-05 14:19:58,188 INFO org.apache.juli.logging.DirectJDKLog [restartedMain] Starting ProtocolHandler ["http-nio-9090"]
2023-04-05 14:19:58,257 INFO org.springframework.boot.web.embedded.tomcat.TomcatWebServer [restartedMain] Tomcat started on port(s): 9090 (http) with context path ''
2023-04-05 14:19:58,279 INFO org.springframework.boot.StartupInfoLogger [restartedMain] Started ElectronicStoreApplication in 6.712 seconds (JVM running for 7.764)
2023-04-05 14:33:54,861 WARN com.zaxxer.hikari.pool.HikariPool$HouseKeeper [HikariPool-1 housekeeper] HikariPool-1 - Thread starvation or clock leap detected (housekeeper delta=5m28s686ms268µs200ns).
2023-04-05 14:42:03,259 INFO org.springframework.orm.jpa.AbstractEntityManagerFactoryBean [SpringApplicationShutdownHook] Closing JPA EntityManagerFactory for persistence unit 'default'
2023-04-05 14:42:03,321 INFO com.zaxxer.hikari.HikariDataSource [SpringApplicationShutdownHook] HikariPool-1 - Shutdown initiated...
2023-04-05 14:42:03,375 INFO com.zaxxer.hikari.HikariDataSource [SpringApplicationShutdownHook] HikariPool-1 - Shutdown completed.
2023-04-05 14:42:08,999 INFO org.springframework.boot.StartupInfoLogger [restartedMain] Starting ElectronicStoreApplication using Java 19.0.2 on DESKTOP-6L2TBG8 with PID 19512 (C:\Users\Dhananjay\Desktop\BikkadIT\E Commere New\Electronic_Store\target\classes started by Dhananjay in C:\Users\Dhananjay\Desktop\BikkadIT\E Commere New\Electronic_Store)
2023-04-05 14:42:09,004 INFO org.hibernate.validator.internal.util.Version [background-preinit] HV000001: Hibernate Validator 6.2.5.Final
2023-04-05 14:42:09,005 DEBUG org.springframework.boot.StartupInfoLogger [restartedMain] Running with Spring Boot v2.7.9, Spring v5.3.25
2023-04-05 14:42:09,006 INFO org.springframework.boot.SpringApplication [restartedMain] The following 1 profile is active: "dev"
2023-04-05 14:42:09,103 INFO org.springframework.boot.logging.DeferredLog [restartedMain] Devtools property defaults active! Set 'spring.devtools.add-properties' to 'false' to disable
2023-04-05 14:42:09,103 INFO org.springframework.boot.logging.DeferredLog [restartedMain] For additional web related logging consider setting the 'logging.level.web' property to 'DEBUG'
2023-04-05 14:42:10,495 INFO org.springframework.data.repository.config.RepositoryConfigurationDelegate [restartedMain] Bootstrapping Spring Data JPA repositories in DEFAULT mode.
2023-04-05 14:42:10,616 INFO org.springframework.data.repository.config.RepositoryConfigurationDelegate [restartedMain] Finished Spring Data repository scanning in 102 ms. Found 1 JPA repository interfaces.
2023-04-05 14:42:12,004 INFO org.springframework.boot.web.embedded.tomcat.TomcatWebServer [restartedMain] Tomcat initialized with port(s): 9090 (http)
2023-04-05 14:42:12,032 INFO org.apache.juli.logging.DirectJDKLog [restartedMain] Initializing ProtocolHandler ["http-nio-9090"]
2023-04-05 14:42:12,034 INFO org.apache.juli.logging.DirectJDKLog [restartedMain] Starting service [Tomcat]
2023-04-05 14:42:12,035 INFO org.apache.juli.logging.DirectJDKLog [restartedMain] Starting Servlet engine: [Apache Tomcat/9.0.71]
2023-04-05 14:42:12,198 INFO org.apache.juli.logging.DirectJDKLog [restartedMain] Initializing Spring embedded WebApplicationContext
2023-04-05 14:42:12,199 INFO org.springframework.boot.web.servlet.context.ServletWebServerApplicationContext [restartedMain] Root WebApplicationContext: initialization completed in 3095 ms
2023-04-05 14:42:12,528 INFO org.hibernate.jpa.internal.util.LogHelper [restartedMain] HHH000204: Processing PersistenceUnitInfo [name: default]
2023-04-05 14:42:12,610 INFO org.hibernate.Version [restartedMain] HHH000412: Hibernate ORM core version 5.6.15.Final
2023-04-05 14:42:12,899 INFO org.hibernate.annotations.common.reflection.java.JavaReflectionManager [restartedMain] HCANN000001: Hibernate Commons Annotations {5.1.2.Final}
2023-04-05 14:42:13,080 INFO com.zaxxer.hikari.HikariDataSource [restartedMain] HikariPool-1 - Starting...
2023-04-05 14:42:13,768 INFO com.zaxxer.hikari.HikariDataSource [restartedMain] HikariPool-1 - Start completed.
2023-04-05 14:42:13,801 INFO org.hibernate.dialect.Dialect [restartedMain] HHH000400: Using dialect: org.hibernate.dialect.MySQL8Dialect
2023-04-05 14:42:14,874 INFO org.hibernate.engine.transaction.jta.platform.internal.JtaPlatformInitiator [restartedMain] HHH000490: Using JtaPlatform implementation: [org.hibernate.engine.transaction.jta.platform.internal.NoJtaPlatform]
2023-04-05 14:42:14,886 INFO org.springframework.orm.jpa.AbstractEntityManagerFactoryBean [restartedMain] Initialized JPA EntityManagerFactory for persistence unit 'default'
2023-04-05 14:42:15,687 WARN org.springframework.boot.autoconfigure.orm.jpa.JpaBaseConfiguration$JpaWebConfiguration [restartedMain] spring.jpa.open-in-view is enabled by default. Therefore, database queries may be performed during view rendering. Explicitly configure spring.jpa.open-in-view to disable this warning
2023-04-05 14:42:16,286 INFO org.springframework.boot.devtools.autoconfigure.OptionalLiveReloadServer [restartedMain] LiveReload server is running on port 35729
2023-04-05 14:42:16,309 INFO org.apache.juli.logging.DirectJDKLog [restartedMain] Starting ProtocolHandler ["http-nio-9090"]
2023-04-05 14:42:16,361 INFO org.springframework.boot.web.embedded.tomcat.TomcatWebServer [restartedMain] Tomcat started on port(s): 9090 (http) with context path ''
2023-04-05 14:42:16,375 INFO org.springframework.boot.StartupInfoLogger [restartedMain] Started ElectronicStoreApplication in 8.05 seconds (JVM running for 9.45)
2023-04-05 14:42:41,048 INFO org.springframework.orm.jpa.AbstractEntityManagerFactoryBean [SpringApplicationShutdownHook] Closing JPA EntityManagerFactory for persistence unit 'default'
2023-04-05 14:42:41,056 INFO com.zaxxer.hikari.HikariDataSource [SpringApplicationShutdownHook] HikariPool-1 - Shutdown initiated...
2023-04-05 14:42:41,079 INFO com.zaxxer.hikari.HikariDataSource [SpringApplicationShutdownHook] HikariPool-1 - Shutdown completed.
2023-04-05 14:42:45,031 INFO org.hibernate.validator.internal.util.Version [background-preinit] HV000001: Hibernate Validator 6.2.5.Final
2023-04-05 14:42:45,036 INFO org.springframework.boot.StartupInfoLogger [restartedMain] Starting ElectronicStoreApplication using Java 19.0.2 on DESKTOP-6L2TBG8 with PID 21688 (C:\Users\Dhananjay\Desktop\BikkadIT\E Commere New\Electronic_Store\target\classes started by Dhananjay in C:\Users\Dhananjay\Desktop\BikkadIT\E Commere New\Electronic_Store)
2023-04-05 14:42:45,037 DEBUG org.springframework.boot.StartupInfoLogger [restartedMain] Running with Spring Boot v2.7.9, Spring v5.3.25
2023-04-05 14:42:45,038 INFO org.springframework.boot.SpringApplication [restartedMain] The following 1 profile is active: "dev"
2023-04-05 14:42:45,128 INFO org.springframework.boot.logging.DeferredLog [restartedMain] Devtools property defaults active! Set 'spring.devtools.add-properties' to 'false' to disable
2023-04-05 14:42:45,128 INFO org.springframework.boot.logging.DeferredLog [restartedMain] For additional web related logging consider setting the 'logging.level.web' property to 'DEBUG'
2023-04-05 14:42:46,120 INFO org.springframework.data.repository.config.RepositoryConfigurationDelegate [restartedMain] Bootstrapping Spring Data JPA repositories in DEFAULT mode.
2023-04-05 14:42:46,232 INFO org.springframework.data.repository.config.RepositoryConfigurationDelegate [restartedMain] Finished Spring Data repository scanning in 94 ms. Found 1 JPA repository interfaces.
2023-04-05 14:42:47,836 INFO org.springframework.boot.web.embedded.tomcat.TomcatWebServer [restartedMain] Tomcat initialized with port(s): 9090 (http)
2023-04-05 14:42:47,875 INFO org.apache.juli.logging.DirectJDKLog [restartedMain] Initializing ProtocolHandler ["http-nio-9090"]
2023-04-05 14:42:47,878 INFO org.apache.juli.logging.DirectJDKLog [restartedMain] Starting service [Tomcat]
2023-04-05 14:42:47,880 INFO org.apache.juli.logging.DirectJDKLog [restartedMain] Starting Servlet engine: [Apache Tomcat/9.0.71]
2023-04-05 14:42:48,139 INFO org.apache.juli.logging.DirectJDKLog [restartedMain] Initializing Spring embedded WebApplicationContext
2023-04-05 14:42:48,140 INFO org.springframework.boot.web.servlet.context.ServletWebServerApplicationContext [restartedMain] Root WebApplicationContext: initialization completed in 3010 ms
2023-04-05 14:42:48,397 INFO org.hibernate.jpa.internal.util.LogHelper [restartedMain] HHH000204: Processing PersistenceUnitInfo [name: default]
2023-04-05 14:42:48,455 INFO org.hibernate.Version [restartedMain] HHH000412: Hibernate ORM core version 5.6.15.Final
2023-04-05 14:42:48,886 INFO org.hibernate.annotations.common.reflection.java.JavaReflectionManager [restartedMain] HCANN000001: Hibernate Commons Annotations {5.1.2.Final}
2023-04-05 14:42:49,032 INFO com.zaxxer.hikari.HikariDataSource [restartedMain] HikariPool-1 - Starting...
2023-04-05 14:42:49,536 INFO com.zaxxer.hikari.HikariDataSource [restartedMain] HikariPool-1 - Start completed.
2023-04-05 14:42:49,554 INFO org.hibernate.dialect.Dialect [restartedMain] HHH000400: Using dialect: org.hibernate.dialect.MySQL8Dialect
2023-04-05 14:42:50,523 INFO org.hibernate.engine.transaction.jta.platform.internal.JtaPlatformInitiator [restartedMain] HHH000490: Using JtaPlatform implementation: [org.hibernate.engine.transaction.jta.platform.internal.NoJtaPlatform]
2023-04-05 14:42:50,535 INFO org.springframework.orm.jpa.AbstractEntityManagerFactoryBean [restartedMain] Initialized JPA EntityManagerFactory for persistence unit 'default'
2023-04-05 14:42:51,254 WARN org.springframework.boot.autoconfigure.orm.jpa.JpaBaseConfiguration$JpaWebConfiguration [restartedMain] spring.jpa.open-in-view is enabled by default. Therefore, database queries may be performed during view rendering. Explicitly configure spring.jpa.open-in-view to disable this warning
2023-04-05 14:42:51,713 INFO org.springframework.boot.devtools.autoconfigure.OptionalLiveReloadServer [restartedMain] LiveReload server is running on port 35729
2023-04-05 14:42:51,736 INFO org.apache.juli.logging.DirectJDKLog [restartedMain] Starting ProtocolHandler ["http-nio-9090"]
2023-04-05 14:42:51,768 INFO org.springframework.boot.web.embedded.tomcat.TomcatWebServer [restartedMain] Tomcat started on port(s): 9090 (http) with context path ''
2023-04-05 14:42:51,784 INFO org.springframework.boot.StartupInfoLogger [restartedMain] Started ElectronicStoreApplication in 7.328 seconds (JVM running for 8.327)
2023-04-05 14:46:27,867 INFO org.springframework.orm.jpa.AbstractEntityManagerFactoryBean [SpringApplicationShutdownHook] Closing JPA EntityManagerFactory for persistence unit 'default'
2023-04-05 14:46:27,875 INFO com.zaxxer.hikari.HikariDataSource [SpringApplicationShutdownHook] HikariPool-1 - Shutdown initiated...
2023-04-05 14:46:27,902 INFO com.zaxxer.hikari.HikariDataSource [SpringApplicationShutdownHook] HikariPool-1 - Shutdown completed.
2023-04-05 14:46:32,121 INFO org.hibernate.validator.internal.util.Version [background-preinit] HV000001: Hibernate Validator 6.2.5.Final
2023-04-05 14:46:32,127 INFO org.springframework.boot.StartupInfoLogger [restartedMain] Starting ElectronicStoreApplication using Java 19.0.2 on DESKTOP-6L2TBG8 with PID 11476 (C:\Users\Dhananjay\Desktop\BikkadIT\E Commere New\Electronic_Store\target\classes started by Dhananjay in C:\Users\Dhananjay\Desktop\BikkadIT\E Commere New\Electronic_Store)
2023-04-05 14:46:32,129 DEBUG org.springframework.boot.StartupInfoLogger [restartedMain] Running with Spring Boot v2.7.9, Spring v5.3.25
2023-04-05 14:46:32,130 INFO org.springframework.boot.SpringApplication [restartedMain] The following 1 profile is active: "dev"
2023-04-05 14:46:32,214 INFO org.springframework.boot.logging.DeferredLog [restartedMain] Devtools property defaults active! Set 'spring.devtools.add-properties' to 'false' to disable
2023-04-05 14:46:32,215 INFO org.springframework.boot.logging.DeferredLog [restartedMain] For additional web related logging consider setting the 'logging.level.web' property to 'DEBUG'
2023-04-05 14:46:33,270 INFO org.springframework.data.repository.config.RepositoryConfigurationDelegate [restartedMain] Bootstrapping Spring Data JPA repositories in DEFAULT mode.
2023-04-05 14:46:33,387 INFO org.springframework.data.repository.config.RepositoryConfigurationDelegate [restartedMain] Finished Spring Data repository scanning in 95 ms. Found 1 JPA repository interfaces.
2023-04-05 14:46:34,918 INFO org.springframework.boot.web.embedded.tomcat.TomcatWebServer [restartedMain] Tomcat initialized with port(s): 9090 (http)
2023-04-05 14:46:34,942 INFO org.apache.juli.logging.DirectJDKLog [restartedMain] Initializing ProtocolHandler ["http-nio-9090"]
2023-04-05 14:46:34,943 INFO org.apache.juli.logging.DirectJDKLog [restartedMain] Starting service [Tomcat]
2023-04-05 14:46:34,944 INFO org.apache.juli.logging.DirectJDKLog [restartedMain] Starting Servlet engine: [Apache Tomcat/9.0.71]
2023-04-05 14:46:35,088 INFO org.apache.juli.logging.DirectJDKLog [restartedMain] Initializing Spring embedded WebApplicationContext
2023-04-05 14:46:35,089 INFO org.springframework.boot.web.servlet.context.ServletWebServerApplicationContext [restartedMain] Root WebApplicationContext: initialization completed in 2874 ms
2023-04-05 14:46:35,389 INFO org.hibernate.jpa.internal.util.LogHelper [restartedMain] HHH000204: Processing PersistenceUnitInfo [name: default]
2023-04-05 14:46:35,462 INFO org.hibernate.Version [restartedMain] HHH000412: Hibernate ORM core version 5.6.15.Final
2023-04-05 14:46:35,738 INFO org.hibernate.annotations.common.reflection.java.JavaReflectionManager [restartedMain] HCANN000001: Hibernate Commons Annotations {5.1.2.Final}
2023-04-05 14:46:35,888 INFO com.zaxxer.hikari.HikariDataSource [restartedMain] HikariPool-1 - Starting...
2023-04-05 14:46:36,490 INFO com.zaxxer.hikari.HikariDataSource [restartedMain] HikariPool-1 - Start completed.
2023-04-05 14:46:36,521 INFO org.hibernate.dialect.Dialect [restartedMain] HHH000400: Using dialect: org.hibernate.dialect.MySQL8Dialect
2023-04-05 14:46:37,506 INFO org.hibernate.engine.transaction.jta.platform.internal.JtaPlatformInitiator [restartedMain] HHH000490: Using JtaPlatform implementation: [org.hibernate.engine.transaction.jta.platform.internal.NoJtaPlatform]
2023-04-05 14:46:37,516 INFO org.springframework.orm.jpa.AbstractEntityManagerFactoryBean [restartedMain] Initialized JPA EntityManagerFactory for persistence unit 'default'
2023-04-05 14:46:38,211 WARN org.springframework.boot.autoconfigure.orm.jpa.JpaBaseConfiguration$JpaWebConfiguration [restartedMain] spring.jpa.open-in-view is enabled by default. Therefore, database queries may be performed during view rendering. Explicitly configure spring.jpa.open-in-view to disable this warning
2023-04-05 14:46:38,724 INFO org.springframework.boot.devtools.autoconfigure.OptionalLiveReloadServer [restartedMain] LiveReload server is running on port 35729
2023-04-05 14:46:38,740 INFO org.apache.juli.logging.DirectJDKLog [restartedMain] Starting ProtocolHandler ["http-nio-9090"]
2023-04-05 14:46:38,817 INFO org.springframework.boot.web.embedded.tomcat.TomcatWebServer [restartedMain] Tomcat started on port(s): 9090 (http) with context path ''
2023-04-05 14:46:38,830 INFO org.springframework.boot.StartupInfoLogger [restartedMain] Started ElectronicStoreApplication in 7.294 seconds (JVM running for 8.346)
2023-04-05 14:51:19,352 INFO org.springframework.orm.jpa.AbstractEntityManagerFactoryBean [SpringApplicationShutdownHook] Closing JPA EntityManagerFactory for persistence unit 'default'
2023-04-05 14:51:19,357 INFO com.zaxxer.hikari.HikariDataSource [SpringApplicationShutdownHook] HikariPool-1 - Shutdown initiated...
2023-04-05 14:51:19,370 INFO com.zaxxer.hikari.HikariDataSource [SpringApplicationShutdownHook] HikariPool-1 - Shutdown completed.
2023-04-05 14:51:23,782 INFO org.springframework.boot.StartupInfoLogger [restartedMain] Starting ElectronicStoreApplication using Java 19.0.2 on DESKTOP-6L2TBG8 with PID 18572 (C:\Users\Dhananjay\Desktop\BikkadIT\E Commere New\Electronic_Store\target\classes started by Dhananjay in C:\Users\Dhananjay\Desktop\BikkadIT\E Commere New\Electronic_Store)
2023-04-05 14:51:23,783 INFO org.hibernate.validator.internal.util.Version [background-preinit] HV000001: Hibernate Validator 6.2.5.Final
2023-04-05 14:51:23,785 DEBUG org.springframework.boot.StartupInfoLogger [restartedMain] Running with Spring Boot v2.7.9, Spring v5.3.25
2023-04-05 14:51:23,786 INFO org.springframework.boot.SpringApplication [restartedMain] The following 1 profile is active: "dev"
2023-04-05 14:51:23,866 INFO org.springframework.boot.logging.DeferredLog [restartedMain] Devtools property defaults active! Set 'spring.devtools.add-properties' to 'false' to disable
2023-04-05 14:51:23,867 INFO org.springframework.boot.logging.DeferredLog [restartedMain] For additional web related logging consider setting the 'logging.level.web' property to 'DEBUG'
2023-04-05 14:51:24,908 INFO org.springframework.data.repository.config.RepositoryConfigurationDelegate [restartedMain] Bootstrapping Spring Data JPA repositories in DEFAULT mode.
2023-04-05 14:51:25,009 INFO org.springframework.data.repository.config.RepositoryConfigurationDelegate [restartedMain] Finished Spring Data repository scanning in 84 ms. Found 1 JPA repository interfaces.
2023-04-05 14:51:26,615 INFO org.springframework.boot.web.embedded.tomcat.TomcatWebServer [restartedMain] Tomcat initialized with port(s): 9090 (http)
2023-04-05 14:51:26,650 INFO org.apache.juli.logging.DirectJDKLog [restartedMain] Initializing ProtocolHandler ["http-nio-9090"]
2023-04-05 14:51:26,653 INFO org.apache.juli.logging.DirectJDKLog [restartedMain] Starting service [Tomcat]
2023-04-05 14:51:26,654 INFO org.apache.juli.logging.DirectJDKLog [restartedMain] Starting Servlet engine: [Apache Tomcat/9.0.71]
2023-04-05 14:51:26,849 INFO org.apache.juli.logging.DirectJDKLog [restartedMain] Initializing Spring embedded WebApplicationContext
2023-04-05 14:51:26,850 INFO org.springframework.boot.web.servlet.context.ServletWebServerApplicationContext [restartedMain] Root WebApplicationContext: initialization completed in 2982 ms
2023-04-05 14:51:27,189 INFO org.hibernate.jpa.internal.util.LogHelper [restartedMain] HHH000204: Processing PersistenceUnitInfo [name: default]
2023-04-05 14:51:27,294 INFO org.hibernate.Version [restartedMain] HHH000412: Hibernate ORM core version 5.6.15.Final
2023-04-05 14:51:27,649 INFO org.hibernate.annotations.common.reflection.java.JavaReflectionManager [restartedMain] HCANN000001: Hibernate Commons Annotations {5.1.2.Final}
2023-04-05 14:51:27,824 INFO com.zaxxer.hikari.HikariDataSource [restartedMain] HikariPool-1 - Starting...
2023-04-05 14:51:28,757 INFO com.zaxxer.hikari.HikariDataSource [restartedMain] HikariPool-1 - Start completed.
2023-04-05 14:51:28,789 INFO org.hibernate.dialect.Dialect [restartedMain] HHH000400: Using dialect: org.hibernate.dialect.MySQL8Dialect
2023-04-05 14:51:29,898 INFO org.hibernate.engine.transaction.jta.platform.internal.JtaPlatformInitiator [restartedMain] HHH000490: Using JtaPlatform implementation: [org.hibernate.engine.transaction.jta.platform.internal.NoJtaPlatform]
2023-04-05 14:51:29,910 INFO org.springframework.orm.jpa.AbstractEntityManagerFactoryBean [restartedMain] Initialized JPA EntityManagerFactory for persistence unit 'default'
2023-04-05 14:51:30,617 WARN org.springframework.boot.autoconfigure.orm.jpa.JpaBaseConfiguration$JpaWebConfiguration [restartedMain] spring.jpa.open-in-view is enabled by default. Therefore, database queries may be performed during view rendering. Explicitly configure spring.jpa.open-in-view to disable this warning
2023-04-05 14:51:31,154 INFO org.springframework.boot.devtools.autoconfigure.OptionalLiveReloadServer [restartedMain] LiveReload server is running on port 35729
2023-04-05 14:51:31,179 INFO org.apache.juli.logging.DirectJDKLog [restartedMain] Starting ProtocolHandler ["http-nio-9090"]
2023-04-05 14:51:31,225 INFO org.springframework.boot.web.embedded.tomcat.TomcatWebServer [restartedMain] Tomcat started on port(s): 9090 (http) with context path ''
2023-04-05 14:51:31,241 INFO org.springframework.boot.StartupInfoLogger [restartedMain] Started ElectronicStoreApplication in 8.133 seconds (JVM running for 9.237)
2023-04-05 14:54:31,055 INFO org.springframework.orm.jpa.AbstractEntityManagerFactoryBean [SpringApplicationShutdownHook] Closing JPA EntityManagerFactory for persistence unit 'default'
2023-04-05 14:54:31,068 INFO com.zaxxer.hikari.HikariDataSource [SpringApplicationShutdownHook] HikariPool-1 - Shutdown initiated...
2023-04-05 14:54:31,109 INFO com.zaxxer.hikari.HikariDataSource [SpringApplicationShutdownHook] HikariPool-1 - Shutdown completed.
2023-04-05 14:54:36,463 ERROR org.springframework.boot.SpringApplication [restartedMain] Application run failed
java.lang.IllegalStateException: java.lang.IllegalStateException: Logback configuration error detected: 
ERROR in ch.qos.logback.core.pattern.parser.Compiler@1b8c13d0 - There is no conversion class registered for conversion word [wEx]
ERROR in ch.qos.logback.core.pattern.parser.Compiler@1b8c13d0 - [wEx] is not a valid conversion word
	at org.springframework.boot.context.logging.LoggingApplicationListener.initializeSystem(LoggingApplicationListener.java:344)
	at org.springframework.boot.context.logging.LoggingApplicationListener.initialize(LoggingApplicationListener.java:298)
	at org.springframework.boot.context.logging.LoggingApplicationListener.onApplicationEnvironmentPreparedEvent(LoggingApplicationListener.java:246)
	at org.springframework.boot.context.logging.LoggingApplicationListener.onApplicationEvent(LoggingApplicationListener.java:223)
	at org.springframework.context.event.SimpleApplicationEventMulticaster.doInvokeListener(SimpleApplicationEventMulticaster.java:176)
	at org.springframework.context.event.SimpleApplicationEventMulticaster.invokeListener(SimpleApplicationEventMulticaster.java:169)
	at org.springframework.context.event.SimpleApplicationEventMulticaster.multicastEvent(SimpleApplicationEventMulticaster.java:143)
	at org.springframework.context.event.SimpleApplicationEventMulticaster.multicastEvent(SimpleApplicationEventMulticaster.java:131)
	at org.springframework.boot.context.event.EventPublishingRunListener.environmentPrepared(EventPublishingRunListener.java:85)
	at org.springframework.boot.SpringApplicationRunListeners.lambda$environmentPrepared$2(SpringApplicationRunListeners.java:66)
	at java.base/java.util.ArrayList.forEach(ArrayList.java:1511)
	at org.springframework.boot.SpringApplicationRunListeners.doWithListeners(SpringApplicationRunListeners.java:120)
	at org.springframework.boot.SpringApplicationRunListeners.doWithListeners(SpringApplicationRunListeners.java:114)
	at org.springframework.boot.SpringApplicationRunListeners.environmentPrepared(SpringApplicationRunListeners.java:65)
	at org.springframework.boot.SpringApplication.prepareEnvironment(SpringApplication.java:343)
	at org.springframework.boot.SpringApplication.run(SpringApplication.java:301)
	at org.springframework.boot.SpringApplication.run(SpringApplication.java:1303)
	at org.springframework.boot.SpringApplication.run(SpringApplication.java:1292)
	at com.infosys.electronicstore.ElectronicStoreApplication.main(ElectronicStoreApplication.java:12)
	at java.base/jdk.internal.reflect.DirectMethodHandleAccessor.invoke(DirectMethodHandleAccessor.java:104)
	at java.base/java.lang.reflect.Method.invoke(Method.java:578)
	at org.springframework.boot.devtools.restart.RestartLauncher.run(RestartLauncher.java:49)
Caused by: java.lang.IllegalStateException: Logback configuration error detected: 
ERROR in ch.qos.logback.core.pattern.parser.Compiler@1b8c13d0 - There is no conversion class registered for conversion word [wEx]
ERROR in ch.qos.logback.core.pattern.parser.Compiler@1b8c13d0 - [wEx] is not a valid conversion word
	at org.springframework.boot.logging.logback.LogbackLoggingSystem.loadConfiguration(LogbackLoggingSystem.java:179)
	at org.springframework.boot.logging.logback.LogbackLoggingSystem.reinitialize(LogbackLoggingSystem.java:232)
	at org.springframework.boot.logging.AbstractLoggingSystem.initializeWithConventions(AbstractLoggingSystem.java:73)
	at org.springframework.boot.logging.AbstractLoggingSystem.initialize(AbstractLoggingSystem.java:60)
	at org.springframework.boot.logging.logback.LogbackLoggingSystem.initialize(LogbackLoggingSystem.java:132)
	at org.springframework.boot.context.logging.LoggingApplicationListener.initializeSystem(LoggingApplicationListener.java:329)
	... 21 common frames omitted
2023-04-05 14:55:38,838 INFO org.hibernate.validator.internal.util.Version [background-preinit] HV000001: Hibernate Validator 6.2.5.Final
2023-04-05 14:55:38,850 INFO org.springframework.boot.StartupInfoLogger [restartedMain] Starting ElectronicStoreApplication using Java 19.0.2 on DESKTOP-6L2TBG8 with PID 20628 (C:\Users\Dhananjay\Desktop\BikkadIT\E Commere New\Electronic_Store\target\classes started by Dhananjay in C:\Users\Dhananjay\Desktop\BikkadIT\E Commere New\Electronic_Store)
2023-04-05 14:55:38,851 DEBUG org.springframework.boot.StartupInfoLogger [restartedMain] Running with Spring Boot v2.7.9, Spring v5.3.25
2023-04-05 14:55:38,852 INFO org.springframework.boot.SpringApplication [restartedMain] The following 1 profile is active: "dev"
2023-04-05 14:55:38,962 INFO org.springframework.boot.logging.DeferredLog [restartedMain] Devtools property defaults active! Set 'spring.devtools.add-properties' to 'false' to disable
2023-04-05 14:55:38,962 INFO org.springframework.boot.logging.DeferredLog [restartedMain] For additional web related logging consider setting the 'logging.level.web' property to 'DEBUG'
2023-04-05 14:55:40,076 INFO org.springframework.data.repository.config.RepositoryConfigurationDelegate [restartedMain] Bootstrapping Spring Data JPA repositories in DEFAULT mode.
2023-04-05 14:55:40,183 INFO org.springframework.data.repository.config.RepositoryConfigurationDelegate [restartedMain] Finished Spring Data repository scanning in 67 ms. Found 1 JPA repository interfaces.
2023-04-05 14:55:41,776 INFO org.springframework.boot.web.embedded.tomcat.TomcatWebServer [restartedMain] Tomcat initialized with port(s): 9090 (http)
2023-04-05 14:55:41,804 INFO org.apache.juli.logging.DirectJDKLog [restartedMain] Initializing ProtocolHandler ["http-nio-9090"]
2023-04-05 14:55:41,805 INFO org.apache.juli.logging.DirectJDKLog [restartedMain] Starting service [Tomcat]
2023-04-05 14:55:41,806 INFO org.apache.juli.logging.DirectJDKLog [restartedMain] Starting Servlet engine: [Apache Tomcat/9.0.71]
2023-04-05 14:55:41,928 INFO org.apache.juli.logging.DirectJDKLog [restartedMain] Initializing Spring embedded WebApplicationContext
2023-04-05 14:55:41,928 INFO org.springframework.boot.web.servlet.context.ServletWebServerApplicationContext [restartedMain] Root WebApplicationContext: initialization completed in 2964 ms
2023-04-05 14:55:42,220 INFO org.hibernate.jpa.internal.util.LogHelper [restartedMain] HHH000204: Processing PersistenceUnitInfo [name: default]
2023-04-05 14:55:42,293 INFO org.hibernate.Version [restartedMain] HHH000412: Hibernate ORM core version 5.6.15.Final
2023-04-05 14:55:42,607 INFO org.hibernate.annotations.common.reflection.java.JavaReflectionManager [restartedMain] HCANN000001: Hibernate Commons Annotations {5.1.2.Final}
2023-04-05 14:55:42,757 INFO com.zaxxer.hikari.HikariDataSource [restartedMain] HikariPool-1 - Starting...
2023-04-05 14:55:43,238 INFO com.zaxxer.hikari.HikariDataSource [restartedMain] HikariPool-1 - Start completed.
2023-04-05 14:55:43,261 INFO org.hibernate.dialect.Dialect [restartedMain] HHH000400: Using dialect: org.hibernate.dialect.MySQL8Dialect
2023-04-05 14:55:44,435 INFO org.hibernate.engine.transaction.jta.platform.internal.JtaPlatformInitiator [restartedMain] HHH000490: Using JtaPlatform implementation: [org.hibernate.engine.transaction.jta.platform.internal.NoJtaPlatform]
2023-04-05 14:55:44,466 INFO org.springframework.orm.jpa.AbstractEntityManagerFactoryBean [restartedMain] Initialized JPA EntityManagerFactory for persistence unit 'default'
2023-04-05 14:55:45,313 WARN org.springframework.boot.autoconfigure.orm.jpa.JpaBaseConfiguration$JpaWebConfiguration [restartedMain] spring.jpa.open-in-view is enabled by default. Therefore, database queries may be performed during view rendering. Explicitly configure spring.jpa.open-in-view to disable this warning
2023-04-05 14:55:45,860 INFO org.springframework.boot.devtools.autoconfigure.OptionalLiveReloadServer [restartedMain] LiveReload server is running on port 35729
2023-04-05 14:55:45,879 INFO org.apache.juli.logging.DirectJDKLog [restartedMain] Starting ProtocolHandler ["http-nio-9090"]
2023-04-05 14:55:45,915 INFO org.springframework.boot.web.embedded.tomcat.TomcatWebServer [restartedMain] Tomcat started on port(s): 9090 (http) with context path ''
2023-04-05 14:55:45,934 INFO org.springframework.boot.StartupInfoLogger [restartedMain] Started ElectronicStoreApplication in 7.877 seconds (JVM running for 8.862)
2023-04-05 15:08:53,153 INFO org.springframework.orm.jpa.AbstractEntityManagerFactoryBean [SpringApplicationShutdownHook] Closing JPA EntityManagerFactory for persistence unit 'default'
2023-04-05 15:08:53,165 INFO com.zaxxer.hikari.HikariDataSource [SpringApplicationShutdownHook] HikariPool-1 - Shutdown initiated...
2023-04-05 15:08:53,189 INFO com.zaxxer.hikari.HikariDataSource [SpringApplicationShutdownHook] HikariPool-1 - Shutdown completed.
2023-04-05 15:08:57,303 INFO org.hibernate.validator.internal.util.Version [background-preinit] HV000001: Hibernate Validator 6.2.5.Final
2023-04-05 15:08:57,306 INFO org.springframework.boot.StartupInfoLogger [restartedMain] Starting ElectronicStoreApplication using Java 19.0.2 on DESKTOP-6L2TBG8 with PID 25228 (C:\Users\Dhananjay\Desktop\BikkadIT\E Commere New\Electronic_Store\target\classes started by Dhananjay in C:\Users\Dhananjay\Desktop\BikkadIT\E Commere New\Electronic_Store)
2023-04-05 15:08:57,308 DEBUG org.springframework.boot.StartupInfoLogger [restartedMain] Running with Spring Boot v2.7.9, Spring v5.3.25
2023-04-05 15:08:57,310 INFO org.springframework.boot.SpringApplication [restartedMain] The following 1 profile is active: "dev"
2023-04-05 15:08:57,394 INFO org.springframework.boot.logging.DeferredLog [restartedMain] Devtools property defaults active! Set 'spring.devtools.add-properties' to 'false' to disable
2023-04-05 15:08:57,395 INFO org.springframework.boot.logging.DeferredLog [restartedMain] For additional web related logging consider setting the 'logging.level.web' property to 'DEBUG'
2023-04-05 15:08:58,516 INFO org.springframework.data.repository.config.RepositoryConfigurationDelegate [restartedMain] Bootstrapping Spring Data JPA repositories in DEFAULT mode.
2023-04-05 15:08:58,626 INFO org.springframework.data.repository.config.RepositoryConfigurationDelegate [restartedMain] Finished Spring Data repository scanning in 89 ms. Found 1 JPA repository interfaces.
2023-04-05 15:09:00,353 INFO org.springframework.boot.web.embedded.tomcat.TomcatWebServer [restartedMain] Tomcat initialized with port(s): 9090 (http)
2023-04-05 15:09:00,383 INFO org.apache.juli.logging.DirectJDKLog [restartedMain] Initializing ProtocolHandler ["http-nio-9090"]
2023-04-05 15:09:00,385 INFO org.apache.juli.logging.DirectJDKLog [restartedMain] Starting service [Tomcat]
2023-04-05 15:09:00,385 INFO org.apache.juli.logging.DirectJDKLog [restartedMain] Starting Servlet engine: [Apache Tomcat/9.0.71]
2023-04-05 15:09:00,536 INFO org.apache.juli.logging.DirectJDKLog [restartedMain] Initializing Spring embedded WebApplicationContext
2023-04-05 15:09:00,536 INFO org.springframework.boot.web.servlet.context.ServletWebServerApplicationContext [restartedMain] Root WebApplicationContext: initialization completed in 3140 ms
2023-04-05 15:09:00,798 INFO org.hibernate.jpa.internal.util.LogHelper [restartedMain] HHH000204: Processing PersistenceUnitInfo [name: default]
2023-04-05 15:09:00,875 INFO org.hibernate.Version [restartedMain] HHH000412: Hibernate ORM core version 5.6.15.Final
2023-04-05 15:09:01,165 INFO org.hibernate.annotations.common.reflection.java.JavaReflectionManager [restartedMain] HCANN000001: Hibernate Commons Annotations {5.1.2.Final}
2023-04-05 15:09:01,321 INFO com.zaxxer.hikari.HikariDataSource [restartedMain] HikariPool-1 - Starting...
2023-04-05 15:09:01,822 INFO com.zaxxer.hikari.HikariDataSource [restartedMain] HikariPool-1 - Start completed.
2023-04-05 15:09:01,849 INFO org.hibernate.dialect.Dialect [restartedMain] HHH000400: Using dialect: org.hibernate.dialect.MySQL8Dialect
2023-04-05 15:09:02,861 INFO org.hibernate.engine.transaction.jta.platform.internal.JtaPlatformInitiator [restartedMain] HHH000490: Using JtaPlatform implementation: [org.hibernate.engine.transaction.jta.platform.internal.NoJtaPlatform]
2023-04-05 15:09:02,873 INFO org.springframework.orm.jpa.AbstractEntityManagerFactoryBean [restartedMain] Initialized JPA EntityManagerFactory for persistence unit 'default'
2023-04-05 15:09:03,500 WARN org.springframework.boot.autoconfigure.orm.jpa.JpaBaseConfiguration$JpaWebConfiguration [restartedMain] spring.jpa.open-in-view is enabled by default. Therefore, database queries may be performed during view rendering. Explicitly configure spring.jpa.open-in-view to disable this warning
2023-04-05 15:09:04,027 INFO org.springframework.boot.devtools.autoconfigure.OptionalLiveReloadServer [restartedMain] LiveReload server is running on port 35729
2023-04-05 15:09:04,042 INFO org.apache.juli.logging.DirectJDKLog [restartedMain] Starting ProtocolHandler ["http-nio-9090"]
2023-04-05 15:09:04,112 INFO org.springframework.boot.web.embedded.tomcat.TomcatWebServer [restartedMain] Tomcat started on port(s): 9090 (http) with context path ''
2023-04-05 15:09:04,127 INFO org.springframework.boot.StartupInfoLogger [restartedMain] Started ElectronicStoreApplication in 7.404 seconds (JVM running for 8.411)
2023-04-05 15:09:56,365 INFO org.apache.juli.logging.DirectJDKLog [http-nio-9090-exec-1] Initializing Spring DispatcherServlet 'dispatcherServlet'
2023-04-05 15:09:56,368 INFO org.springframework.web.servlet.FrameworkServlet [http-nio-9090-exec-1] Initializing Servlet 'dispatcherServlet'
2023-04-05 15:09:56,372 INFO org.springframework.web.servlet.FrameworkServlet [http-nio-9090-exec-1] Completed initialization in 3 ms
2023-04-05 15:09:56,828 INFO com.infosys.electronicstore.validate.ImageNameValidator [http-nio-9090-exec-1] Message from isvalid:d
2023-04-05 15:09:56,945 WARN org.springframework.web.servlet.handler.AbstractHandlerExceptionResolver [http-nio-9090-exec-1] Resolved [org.springframework.web.bind.MethodArgumentNotValidException: Validation failed for argument [0] in public org.springframework.http.ResponseEntity<com.infosys.electronicstore.dtos.UserDto> com.infosys.electronicstore.controllers.UserController.createUser(com.infosys.electronicstore.dtos.UserDto): [Field error in object 'userDto' on field 'imageName': rejected value [d]; codes [ImageNameValid.userDto.imageName,ImageNameValid.imageName,ImageNameValid.java.lang.String,ImageNameValid]; arguments [org.springframework.context.support.DefaultMessageSourceResolvable: codes [userDto.imageName,imageName]; arguments []; default message [imageName]]; default message [{Invalid Image Name}]] ]
2023-04-05 15:10:07,457 INFO com.infosys.electronicstore.validate.ImageNameValidator [http-nio-9090-exec-3] Message from isvalid:d.jpeg
2023-04-05 15:10:07,460 WARN org.springframework.web.servlet.handler.AbstractHandlerExceptionResolver [http-nio-9090-exec-3] Resolved [org.springframework.web.bind.MethodArgumentNotValidException: Validation failed for argument [0] in public org.springframework.http.ResponseEntity<com.infosys.electronicstore.dtos.UserDto> com.infosys.electronicstore.controllers.UserController.createUser(com.infosys.electronicstore.dtos.UserDto): [Field error in object 'userDto' on field 'imageName': rejected value [d.jpeg]; codes [ImageNameValid.userDto.imageName,ImageNameValid.imageName,ImageNameValid.java.lang.String,ImageNameValid]; arguments [org.springframework.context.support.DefaultMessageSourceResolvable: codes [userDto.imageName,imageName]; arguments []; default message [imageName]]; default message [{Invalid Image Name}]] ]
2023-04-05 15:10:23,278 INFO com.infosys.electronicstore.validate.ImageNameValidator [http-nio-9090-exec-5] Message from isvalid:d.png
2023-04-05 15:10:23,282 WARN org.springframework.web.servlet.handler.AbstractHandlerExceptionResolver [http-nio-9090-exec-5] Resolved [org.springframework.web.bind.MethodArgumentNotValidException: Validation failed for argument [0] in public org.springframework.http.ResponseEntity<com.infosys.electronicstore.dtos.UserDto> com.infosys.electronicstore.controllers.UserController.createUser(com.infosys.electronicstore.dtos.UserDto): [Field error in object 'userDto' on field 'imageName': rejected value [d.png]; codes [ImageNameValid.userDto.imageName,ImageNameValid.imageName,ImageNameValid.java.lang.String,ImageNameValid]; arguments [org.springframework.context.support.DefaultMessageSourceResolvable: codes [userDto.imageName,imageName]; arguments []; default message [imageName]]; default message [{Invalid Image Name}]] ]
2023-04-05 15:10:34,029 INFO com.infosys.electronicstore.validate.ImageNameValidator [http-nio-9090-exec-8] Message from isvalid:tetet.png
2023-04-05 15:10:34,032 WARN org.springframework.web.servlet.handler.AbstractHandlerExceptionResolver [http-nio-9090-exec-8] Resolved [org.springframework.web.bind.MethodArgumentNotValidException: Validation failed for argument [0] in public org.springframework.http.ResponseEntity<com.infosys.electronicstore.dtos.UserDto> com.infosys.electronicstore.controllers.UserController.createUser(com.infosys.electronicstore.dtos.UserDto): [Field error in object 'userDto' on field 'imageName': rejected value [tetet.png]; codes [ImageNameValid.userDto.imageName,ImageNameValid.imageName,ImageNameValid.java.lang.String,ImageNameValid]; arguments [org.springframework.context.support.DefaultMessageSourceResolvable: codes [userDto.imageName,imageName]; arguments []; default message [imageName]]; default message [{Invalid Image Name}]] ]
2023-04-05 15:13:14,519 INFO com.infosys.electronicstore.validate.ImageNameValidator [http-nio-9090-exec-10] Message from isvalid:passport.jpeg
2023-04-05 15:13:14,522 WARN org.springframework.web.servlet.handler.AbstractHandlerExceptionResolver [http-nio-9090-exec-10] Resolved [org.springframework.web.bind.MethodArgumentNotValidException: Validation failed for argument [0] in public org.springframework.http.ResponseEntity<com.infosys.electronicstore.dtos.UserDto> com.infosys.electronicstore.controllers.UserController.createUser(com.infosys.electronicstore.dtos.UserDto): [Field error in object 'userDto' on field 'imageName': rejected value [passport.jpeg]; codes [ImageNameValid.userDto.imageName,ImageNameValid.imageName,ImageNameValid.java.lang.String,ImageNameValid]; arguments [org.springframework.context.support.DefaultMessageSourceResolvable: codes [userDto.imageName,imageName]; arguments []; default message [imageName]]; default message [{Invalid Image Name}]] ]
2023-04-05 15:13:14,519 INFO com.infosys.electronicstore.validate.ImageNameValidator [http-nio-9090-exec-10] Message from isvalid:passport.jpeg
2023-04-05 15:13:14,522 WARN org.springframework.web.servlet.handler.AbstractHandlerExceptionResolver [http-nio-9090-exec-10] Resolved [org.springframework.web.bind.MethodArgumentNotValidException: Validation failed for argument [0] in public org.springframework.http.ResponseEntity<com.infosys.electronicstore.dtos.UserDto> com.infosys.electronicstore.controllers.UserController.createUser(com.infosys.electronicstore.dtos.UserDto): [Field error in object 'userDto' on field 'imageName': rejected value [passport.jpeg]; codes [ImageNameValid.userDto.imageName,ImageNameValid.imageName,ImageNameValid.java.lang.String,ImageNameValid]; arguments [org.springframework.context.support.DefaultMessageSourceResolvable: codes [userDto.imageName,imageName]; arguments []; default message [imageName]]; default message [{Invalid Image Name}]] ]
2023-04-05 15:14:44,813 INFO com.infosys.electronicstore.validate.ImageNameValidator [http-nio-9090-exec-1] Message from isvalid:passport.jpeg
2023-04-05 15:14:44,816 WARN org.springframework.web.servlet.handler.AbstractHandlerExceptionResolver [http-nio-9090-exec-1] Resolved [org.springframework.web.bind.MethodArgumentNotValidException: Validation failed for argument [0] in public org.springframework.http.ResponseEntity<com.infosys.electronicstore.dtos.UserDto> com.infosys.electronicstore.controllers.UserController.createUser(com.infosys.electronicstore.dtos.UserDto): [Field error in object 'userDto' on field 'imageName': rejected value [passport.jpeg]; codes [ImageNameValid.userDto.imageName,ImageNameValid.imageName,ImageNameValid.java.lang.String,ImageNameValid]; arguments [org.springframework.context.support.DefaultMessageSourceResolvable: codes [userDto.imageName,imageName]; arguments []; default message [imageName]]; default message [{Invalid Image Name}]] ]
2023-04-05 15:15:07,165 INFO org.springframework.orm.jpa.AbstractEntityManagerFactoryBean [SpringApplicationShutdownHook] Closing JPA EntityManagerFactory for persistence unit 'default'
2023-04-05 15:15:07,169 INFO com.zaxxer.hikari.HikariDataSource [SpringApplicationShutdownHook] HikariPool-1 - Shutdown initiated...
2023-04-05 15:15:07,182 INFO com.zaxxer.hikari.HikariDataSource [SpringApplicationShutdownHook] HikariPool-1 - Shutdown completed.
2023-04-05 15:15:14,926 INFO org.hibernate.validator.internal.util.Version [background-preinit] HV000001: Hibernate Validator 6.2.5.Final
2023-04-05 15:15:14,940 INFO org.springframework.boot.StartupInfoLogger [restartedMain] Starting ElectronicStoreApplication using Java 19.0.2 on DESKTOP-6L2TBG8 with PID 17536 (C:\Users\Dhananjay\Desktop\BikkadIT\E Commere New\Electronic_Store\target\classes started by Dhananjay in C:\Users\Dhananjay\Desktop\BikkadIT\E Commere New\Electronic_Store)
2023-04-05 15:15:14,941 DEBUG org.springframework.boot.StartupInfoLogger [restartedMain] Running with Spring Boot v2.7.9, Spring v5.3.25
2023-04-05 15:15:14,942 INFO org.springframework.boot.SpringApplication [restartedMain] The following 1 profile is active: "dev"
2023-04-05 15:15:15,038 INFO org.springframework.boot.logging.DeferredLog [restartedMain] Devtools property defaults active! Set 'spring.devtools.add-properties' to 'false' to disable
2023-04-05 15:15:15,039 INFO org.springframework.boot.logging.DeferredLog [restartedMain] For additional web related logging consider setting the 'logging.level.web' property to 'DEBUG'
2023-04-05 15:15:16,172 INFO org.springframework.data.repository.config.RepositoryConfigurationDelegate [restartedMain] Bootstrapping Spring Data JPA repositories in DEFAULT mode.
2023-04-05 15:15:16,283 INFO org.springframework.data.repository.config.RepositoryConfigurationDelegate [restartedMain] Finished Spring Data repository scanning in 92 ms. Found 1 JPA repository interfaces.
2023-04-05 15:15:17,573 INFO org.springframework.boot.web.embedded.tomcat.TomcatWebServer [restartedMain] Tomcat initialized with port(s): 9090 (http)
2023-04-05 15:15:17,615 INFO org.apache.juli.logging.DirectJDKLog [restartedMain] Initializing ProtocolHandler ["http-nio-9090"]
2023-04-05 15:15:17,617 INFO org.apache.juli.logging.DirectJDKLog [restartedMain] Starting service [Tomcat]
2023-04-05 15:15:17,617 INFO org.apache.juli.logging.DirectJDKLog [restartedMain] Starting Servlet engine: [Apache Tomcat/9.0.71]
2023-04-05 15:15:17,834 INFO org.apache.juli.logging.DirectJDKLog [restartedMain] Initializing Spring embedded WebApplicationContext
2023-04-05 15:15:17,835 INFO org.springframework.boot.web.servlet.context.ServletWebServerApplicationContext [restartedMain] Root WebApplicationContext: initialization completed in 2794 ms
2023-04-05 15:15:18,110 INFO org.hibernate.jpa.internal.util.LogHelper [restartedMain] HHH000204: Processing PersistenceUnitInfo [name: default]
2023-04-05 15:15:18,189 INFO org.hibernate.Version [restartedMain] HHH000412: Hibernate ORM core version 5.6.15.Final
2023-04-05 15:15:18,469 INFO org.hibernate.annotations.common.reflection.java.JavaReflectionManager [restartedMain] HCANN000001: Hibernate Commons Annotations {5.1.2.Final}
2023-04-05 15:15:18,581 INFO com.zaxxer.hikari.HikariDataSource [restartedMain] HikariPool-1 - Starting...
2023-04-05 15:15:19,036 INFO com.zaxxer.hikari.HikariDataSource [restartedMain] HikariPool-1 - Start completed.
2023-04-05 15:15:19,064 INFO org.hibernate.dialect.Dialect [restartedMain] HHH000400: Using dialect: org.hibernate.dialect.MySQL8Dialect
2023-04-05 15:15:20,022 INFO org.hibernate.engine.transaction.jta.platform.internal.JtaPlatformInitiator [restartedMain] HHH000490: Using JtaPlatform implementation: [org.hibernate.engine.transaction.jta.platform.internal.NoJtaPlatform]
2023-04-05 15:15:20,035 INFO org.springframework.orm.jpa.AbstractEntityManagerFactoryBean [restartedMain] Initialized JPA EntityManagerFactory for persistence unit 'default'
2023-04-05 15:15:20,727 WARN org.springframework.boot.autoconfigure.orm.jpa.JpaBaseConfiguration$JpaWebConfiguration [restartedMain] spring.jpa.open-in-view is enabled by default. Therefore, database queries may be performed during view rendering. Explicitly configure spring.jpa.open-in-view to disable this warning
2023-04-05 15:15:21,272 INFO org.springframework.boot.devtools.autoconfigure.OptionalLiveReloadServer [restartedMain] LiveReload server is running on port 35729
2023-04-05 15:15:21,290 INFO org.apache.juli.logging.DirectJDKLog [restartedMain] Starting ProtocolHandler ["http-nio-9090"]
2023-04-05 15:15:21,322 INFO org.springframework.boot.web.embedded.tomcat.TomcatWebServer [restartedMain] Tomcat started on port(s): 9090 (http) with context path ''
2023-04-05 15:15:21,334 INFO org.springframework.boot.StartupInfoLogger [restartedMain] Started ElectronicStoreApplication in 6.987 seconds (JVM running for 8.061)
2023-04-05 15:15:49,038 INFO org.springframework.orm.jpa.AbstractEntityManagerFactoryBean [SpringApplicationShutdownHook] Closing JPA EntityManagerFactory for persistence unit 'default'
2023-04-05 15:15:49,042 INFO com.zaxxer.hikari.HikariDataSource [SpringApplicationShutdownHook] HikariPool-1 - Shutdown initiated...
2023-04-05 15:15:49,055 INFO com.zaxxer.hikari.HikariDataSource [SpringApplicationShutdownHook] HikariPool-1 - Shutdown completed.
2023-04-05 15:15:55,551 INFO org.hibernate.validator.internal.util.Version [background-preinit] HV000001: Hibernate Validator 6.2.5.Final
2023-04-05 15:15:55,556 INFO org.springframework.boot.StartupInfoLogger [restartedMain] Starting ElectronicStoreApplication using Java 19.0.2 on DESKTOP-6L2TBG8 with PID 18928 (C:\Users\Dhananjay\Desktop\BikkadIT\E Commere New\Electronic_Store\target\classes started by Dhananjay in C:\Users\Dhananjay\Desktop\BikkadIT\E Commere New\Electronic_Store)
2023-04-05 15:15:55,556 DEBUG org.springframework.boot.StartupInfoLogger [restartedMain] Running with Spring Boot v2.7.9, Spring v5.3.25
2023-04-05 15:15:55,557 INFO org.springframework.boot.SpringApplication [restartedMain] The following 1 profile is active: "dev"
2023-04-05 15:15:55,645 INFO org.springframework.boot.logging.DeferredLog [restartedMain] Devtools property defaults active! Set 'spring.devtools.add-properties' to 'false' to disable
2023-04-05 15:15:55,646 INFO org.springframework.boot.logging.DeferredLog [restartedMain] For additional web related logging consider setting the 'logging.level.web' property to 'DEBUG'
2023-04-05 15:15:56,632 INFO org.springframework.data.repository.config.RepositoryConfigurationDelegate [restartedMain] Bootstrapping Spring Data JPA repositories in DEFAULT mode.
2023-04-05 15:15:56,749 INFO org.springframework.data.repository.config.RepositoryConfigurationDelegate [restartedMain] Finished Spring Data repository scanning in 95 ms. Found 1 JPA repository interfaces.
2023-04-05 15:15:57,969 INFO org.springframework.boot.web.embedded.tomcat.TomcatWebServer [restartedMain] Tomcat initialized with port(s): 9090 (http)
2023-04-05 15:15:57,985 INFO org.apache.juli.logging.DirectJDKLog [restartedMain] Initializing ProtocolHandler ["http-nio-9090"]
2023-04-05 15:15:57,986 INFO org.apache.juli.logging.DirectJDKLog [restartedMain] Starting service [Tomcat]
2023-04-05 15:15:57,986 INFO org.apache.juli.logging.DirectJDKLog [restartedMain] Starting Servlet engine: [Apache Tomcat/9.0.71]
2023-04-05 15:15:58,096 INFO org.apache.juli.logging.DirectJDKLog [restartedMain] Initializing Spring embedded WebApplicationContext
2023-04-05 15:15:58,097 INFO org.springframework.boot.web.servlet.context.ServletWebServerApplicationContext [restartedMain] Root WebApplicationContext: initialization completed in 2450 ms
2023-04-05 15:15:58,325 INFO org.hibernate.jpa.internal.util.LogHelper [restartedMain] HHH000204: Processing PersistenceUnitInfo [name: default]
2023-04-05 15:15:58,388 INFO org.hibernate.Version [restartedMain] HHH000412: Hibernate ORM core version 5.6.15.Final
2023-04-05 15:15:58,612 INFO org.hibernate.annotations.common.reflection.java.JavaReflectionManager [restartedMain] HCANN000001: Hibernate Commons Annotations {5.1.2.Final}
2023-04-05 15:15:58,745 INFO com.zaxxer.hikari.HikariDataSource [restartedMain] HikariPool-1 - Starting...
2023-04-05 15:15:59,128 INFO com.zaxxer.hikari.HikariDataSource [restartedMain] HikariPool-1 - Start completed.
2023-04-05 15:15:59,148 INFO org.hibernate.dialect.Dialect [restartedMain] HHH000400: Using dialect: org.hibernate.dialect.MySQL8Dialect
2023-04-05 15:16:00,172 INFO org.hibernate.engine.transaction.jta.platform.internal.JtaPlatformInitiator [restartedMain] HHH000490: Using JtaPlatform implementation: [org.hibernate.engine.transaction.jta.platform.internal.NoJtaPlatform]
2023-04-05 15:16:00,197 INFO org.springframework.orm.jpa.AbstractEntityManagerFactoryBean [restartedMain] Initialized JPA EntityManagerFactory for persistence unit 'default'
2023-04-05 15:16:00,828 WARN org.springframework.boot.autoconfigure.orm.jpa.JpaBaseConfiguration$JpaWebConfiguration [restartedMain] spring.jpa.open-in-view is enabled by default. Therefore, database queries may be performed during view rendering. Explicitly configure spring.jpa.open-in-view to disable this warning
2023-04-05 15:16:01,456 INFO org.springframework.boot.devtools.autoconfigure.OptionalLiveReloadServer [restartedMain] LiveReload server is running on port 35729
2023-04-05 15:16:01,479 INFO org.apache.juli.logging.DirectJDKLog [restartedMain] Starting ProtocolHandler ["http-nio-9090"]
2023-04-05 15:16:01,525 INFO org.springframework.boot.web.embedded.tomcat.TomcatWebServer [restartedMain] Tomcat started on port(s): 9090 (http) with context path ''
2023-04-05 15:16:01,543 INFO org.springframework.boot.StartupInfoLogger [restartedMain] Started ElectronicStoreApplication in 6.524 seconds (JVM running for 7.556)
2023-04-05 15:16:09,645 INFO org.apache.juli.logging.DirectJDKLog [http-nio-9090-exec-1] Initializing Spring DispatcherServlet 'dispatcherServlet'
2023-04-05 15:16:09,647 INFO org.springframework.web.servlet.FrameworkServlet [http-nio-9090-exec-1] Initializing Servlet 'dispatcherServlet'
2023-04-05 15:16:09,649 INFO org.springframework.web.servlet.FrameworkServlet [http-nio-9090-exec-1] Completed initialization in 2 ms
2023-04-05 15:16:09,880 INFO com.infosys.electronicstore.validate.ImageNameValidator [http-nio-9090-exec-1] Message from isvalid:passport.jpeg
2023-04-05 15:16:09,916 INFO com.infosys.electronicstore.controllers.UserController [http-nio-9090-exec-1] Initiating save request for create user 
2023-04-05 15:16:10,108 WARN org.hibernate.engine.jdbc.spi.SqlExceptionHelper [http-nio-9090-exec-1] SQL Error: 1406, SQLState: 22001
2023-04-05 15:16:10,109 ERROR org.hibernate.engine.jdbc.spi.SqlExceptionHelper [http-nio-9090-exec-1] Data truncation: Data too long for column 'user_name' at row 1
2023-04-05 15:16:10,136 ERROR org.apache.juli.logging.DirectJDKLog [http-nio-9090-exec-1] Servlet.service() for servlet [dispatcherServlet] in context with path [] threw exception [Request processing failed; nested exception is org.springframework.dao.DataIntegrityViolationException: could not execute statement; SQL [n/a]; nested exception is org.hibernate.exception.DataException: could not execute statement] with root cause
com.mysql.cj.jdbc.exceptions.MysqlDataTruncation: Data truncation: Data too long for column 'user_name' at row 1
	at com.mysql.cj.jdbc.exceptions.SQLExceptionsMapping.translateException(SQLExceptionsMapping.java:104)
	at com.mysql.cj.jdbc.ClientPreparedStatement.executeInternal(ClientPreparedStatement.java:916)
	at com.mysql.cj.jdbc.ClientPreparedStatement.executeUpdateInternal(ClientPreparedStatement.java:1061)
	at com.mysql.cj.jdbc.ClientPreparedStatement.executeUpdateInternal(ClientPreparedStatement.java:1009)
	at com.mysql.cj.jdbc.ClientPreparedStatement.executeLargeUpdate(ClientPreparedStatement.java:1320)
	at com.mysql.cj.jdbc.ClientPreparedStatement.executeUpdate(ClientPreparedStatement.java:994)
	at com.zaxxer.hikari.pool.ProxyPreparedStatement.executeUpdate(ProxyPreparedStatement.java:61)
	at com.zaxxer.hikari.pool.HikariProxyPreparedStatement.executeUpdate(HikariProxyPreparedStatement.java)
	at org.hibernate.engine.jdbc.internal.ResultSetReturnImpl.executeUpdate(ResultSetReturnImpl.java:197)
	at org.hibernate.dialect.identity.GetGeneratedKeysDelegate.executeAndExtract(GetGeneratedKeysDelegate.java:58)
	at org.hibernate.id.insert.AbstractReturningDelegate.performInsert(AbstractReturningDelegate.java:43)
	at org.hibernate.persister.entity.AbstractEntityPersister.insert(AbstractEntityPersister.java:3279)
	at org.hibernate.persister.entity.AbstractEntityPersister.insert(AbstractEntityPersister.java:3914)
	at org.hibernate.action.internal.EntityIdentityInsertAction.execute(EntityIdentityInsertAction.java:84)
	at org.hibernate.engine.spi.ActionQueue.execute(ActionQueue.java:645)
	at org.hibernate.engine.spi.ActionQueue.addResolvedEntityInsertAction(ActionQueue.java:282)
	at org.hibernate.engine.spi.ActionQueue.addInsertAction(ActionQueue.java:263)
	at org.hibernate.engine.spi.ActionQueue.addAction(ActionQueue.java:317)
	at org.hibernate.event.internal.AbstractSaveEventListener.addInsertAction(AbstractSaveEventListener.java:329)
	at org.hibernate.event.internal.AbstractSaveEventListener.performSaveOrReplicate(AbstractSaveEventListener.java:286)
	at org.hibernate.event.internal.AbstractSaveEventListener.performSave(AbstractSaveEventListener.java:192)
	at org.hibernate.event.internal.AbstractSaveEventListener.saveWithGeneratedId(AbstractSaveEventListener.java:122)
	at org.hibernate.event.internal.DefaultPersistEventListener.entityIsTransient(DefaultPersistEventListener.java:185)
	at org.hibernate.event.internal.DefaultPersistEventListener.onPersist(DefaultPersistEventListener.java:128)
	at org.hibernate.event.internal.DefaultPersistEventListener.onPersist(DefaultPersistEventListener.java:55)
	at org.hibernate.event.service.internal.EventListenerGroupImpl.fireEventOnEachListener(EventListenerGroupImpl.java:107)
	at org.hibernate.internal.SessionImpl.firePersist(SessionImpl.java:756)
	at org.hibernate.internal.SessionImpl.persist(SessionImpl.java:742)
	at java.base/jdk.internal.reflect.DirectMethodHandleAccessor.invoke(DirectMethodHandleAccessor.java:104)
	at java.base/java.lang.reflect.Method.invoke(Method.java:578)
	at org.springframework.orm.jpa.ExtendedEntityManagerCreator$ExtendedEntityManagerInvocationHandler.invoke(ExtendedEntityManagerCreator.java:362)
	at jdk.proxy3/jdk.proxy3.$Proxy111.persist(Unknown Source)
	at java.base/jdk.internal.reflect.DirectMethodHandleAccessor.invoke(DirectMethodHandleAccessor.java:104)
	at java.base/java.lang.reflect.Method.invoke(Method.java:578)
	at org.springframework.orm.jpa.SharedEntityManagerCreator$SharedEntityManagerInvocationHandler.invoke(SharedEntityManagerCreator.java:311)
	at jdk.proxy3/jdk.proxy3.$Proxy111.persist(Unknown Source)
	at org.springframework.data.jpa.repository.support.SimpleJpaRepository.save(SimpleJpaRepository.java:666)
	at java.base/jdk.internal.reflect.DirectMethodHandleAccessor.invoke(DirectMethodHandleAccessor.java:104)
	at java.base/java.lang.reflect.Method.invoke(Method.java:578)
	at org.springframework.data.repository.core.support.RepositoryMethodInvoker$RepositoryFragmentMethodInvoker.lambda$new$0(RepositoryMethodInvoker.java:289)
	at org.springframework.data.repository.core.support.RepositoryMethodInvoker.doInvoke(RepositoryMethodInvoker.java:137)
	at org.springframework.data.repository.core.support.RepositoryMethodInvoker.invoke(RepositoryMethodInvoker.java:121)
	at org.springframework.data.repository.core.support.RepositoryComposition$RepositoryFragments.invoke(RepositoryComposition.java:530)
	at org.springframework.data.repository.core.support.RepositoryComposition.invoke(RepositoryComposition.java:286)
	at org.springframework.data.repository.core.support.RepositoryFactorySupport$ImplementationMethodExecutionInterceptor.invoke(RepositoryFactorySupport.java:640)
	at org.springframework.aop.framework.ReflectiveMethodInvocation.proceed(ReflectiveMethodInvocation.java:186)
	at org.springframework.data.repository.core.support.QueryExecutorMethodInterceptor.doInvoke(QueryExecutorMethodInterceptor.java:164)
	at org.springframework.data.repository.core.support.QueryExecutorMethodInterceptor.invoke(QueryExecutorMethodInterceptor.java:139)
	at org.springframework.aop.framework.ReflectiveMethodInvocation.proceed(ReflectiveMethodInvocation.java:186)
	at org.springframework.data.projection.DefaultMethodInvokingMethodInterceptor.invoke(DefaultMethodInvokingMethodInterceptor.java:81)
	at org.springframework.aop.framework.ReflectiveMethodInvocation.proceed(ReflectiveMethodInvocation.java:186)
	at org.springframework.transaction.interceptor.TransactionInterceptor$1.proceedWithInvocation(TransactionInterceptor.java:123)
	at org.springframework.transaction.interceptor.TransactionAspectSupport.invokeWithinTransaction(TransactionAspectSupport.java:388)
	at org.springframework.transaction.interceptor.TransactionInterceptor.invoke(TransactionInterceptor.java:119)
	at org.springframework.aop.framework.ReflectiveMethodInvocation.proceed(ReflectiveMethodInvocation.java:186)
	at org.springframework.dao.support.PersistenceExceptionTranslationInterceptor.invoke(PersistenceExceptionTranslationInterceptor.java:137)
	at org.springframework.aop.framework.ReflectiveMethodInvocation.proceed(ReflectiveMethodInvocation.java:186)
	at org.springframework.data.jpa.repository.support.CrudMethodMetadataPostProcessor$CrudMethodMetadataPopulatingMethodInterceptor.invoke(CrudMethodMetadataPostProcessor.java:174)
	at org.springframework.aop.framework.ReflectiveMethodInvocation.proceed(ReflectiveMethodInvocation.java:186)
	at org.springframework.aop.interceptor.ExposeInvocationInterceptor.invoke(ExposeInvocationInterceptor.java:97)
	at org.springframework.aop.framework.ReflectiveMethodInvocation.proceed(ReflectiveMethodInvocation.java:186)
	at org.springframework.aop.framework.JdkDynamicAopProxy.invoke(JdkDynamicAopProxy.java:215)
	at jdk.proxy3/jdk.proxy3.$Proxy115.save(Unknown Source)
	at com.infosys.electronicstore.services.impl.UserServiceImpl.createUser(UserServiceImpl.java:33)
	at com.infosys.electronicstore.controllers.UserController.createUser(UserController.java:26)
	at java.base/jdk.internal.reflect.DirectMethodHandleAccessor.invoke(DirectMethodHandleAccessor.java:104)
	at java.base/java.lang.reflect.Method.invoke(Method.java:578)
	at org.springframework.web.method.support.InvocableHandlerMethod.doInvoke(InvocableHandlerMethod.java:205)
	at org.springframework.web.method.support.InvocableHandlerMethod.invokeForRequest(InvocableHandlerMethod.java:150)
	at org.springframework.web.servlet.mvc.method.annotation.ServletInvocableHandlerMethod.invokeAndHandle(ServletInvocableHandlerMethod.java:117)
	at org.springframework.web.servlet.mvc.method.annotation.RequestMappingHandlerAdapter.invokeHandlerMethod(RequestMappingHandlerAdapter.java:895)
	at org.springframework.web.servlet.mvc.method.annotation.RequestMappingHandlerAdapter.handleInternal(RequestMappingHandlerAdapter.java:808)
	at org.springframework.web.servlet.mvc.method.AbstractHandlerMethodAdapter.handle(AbstractHandlerMethodAdapter.java:87)
	at org.springframework.web.servlet.DispatcherServlet.doDispatch(DispatcherServlet.java:1071)
	at org.springframework.web.servlet.DispatcherServlet.doService(DispatcherServlet.java:964)
	at org.springframework.web.servlet.FrameworkServlet.processRequest(FrameworkServlet.java:1006)
	at org.springframework.web.servlet.FrameworkServlet.doPost(FrameworkServlet.java:909)
	at javax.servlet.http.HttpServlet.service(HttpServlet.java:696)
	at org.springframework.web.servlet.FrameworkServlet.service(FrameworkServlet.java:883)
	at javax.servlet.http.HttpServlet.service(HttpServlet.java:779)
	at org.apache.catalina.core.ApplicationFilterChain.internalDoFilter(ApplicationFilterChain.java:227)
	at org.apache.catalina.core.ApplicationFilterChain.doFilter(ApplicationFilterChain.java:162)
	at org.apache.tomcat.websocket.server.WsFilter.doFilter(WsFilter.java:53)
	at org.apache.catalina.core.ApplicationFilterChain.internalDoFilter(ApplicationFilterChain.java:189)
	at org.apache.catalina.core.ApplicationFilterChain.doFilter(ApplicationFilterChain.java:162)
	at org.springframework.web.filter.RequestContextFilter.doFilterInternal(RequestContextFilter.java:100)
	at org.springframework.web.filter.OncePerRequestFilter.doFilter(OncePerRequestFilter.java:117)
	at org.apache.catalina.core.ApplicationFilterChain.internalDoFilter(ApplicationFilterChain.java:189)
	at org.apache.catalina.core.ApplicationFilterChain.doFilter(ApplicationFilterChain.java:162)
	at org.springframework.web.filter.FormContentFilter.doFilterInternal(FormContentFilter.java:93)
	at org.springframework.web.filter.OncePerRequestFilter.doFilter(OncePerRequestFilter.java:117)
	at org.apache.catalina.core.ApplicationFilterChain.internalDoFilter(ApplicationFilterChain.java:189)
	at org.apache.catalina.core.ApplicationFilterChain.doFilter(ApplicationFilterChain.java:162)
	at org.springframework.web.filter.CharacterEncodingFilter.doFilterInternal(CharacterEncodingFilter.java:201)
	at org.springframework.web.filter.OncePerRequestFilter.doFilter(OncePerRequestFilter.java:117)
	at org.apache.catalina.core.ApplicationFilterChain.internalDoFilter(ApplicationFilterChain.java:189)
	at org.apache.catalina.core.ApplicationFilterChain.doFilter(ApplicationFilterChain.java:162)
	at org.apache.catalina.core.StandardWrapperValve.invoke(StandardWrapperValve.java:177)
	at org.apache.catalina.core.StandardContextValve.invoke(StandardContextValve.java:97)
	at org.apache.catalina.authenticator.AuthenticatorBase.invoke(AuthenticatorBase.java:541)
	at org.apache.catalina.core.StandardHostValve.invoke(StandardHostValve.java:135)
	at org.apache.catalina.valves.ErrorReportValve.invoke(ErrorReportValve.java:92)
	at org.apache.catalina.core.StandardEngineValve.invoke(StandardEngineValve.java:78)
	at org.apache.catalina.connector.CoyoteAdapter.service(CoyoteAdapter.java:360)
	at org.apache.coyote.http11.Http11Processor.service(Http11Processor.java:399)
	at org.apache.coyote.AbstractProcessorLight.process(AbstractProcessorLight.java:65)
	at org.apache.coyote.AbstractProtocol$ConnectionHandler.process(AbstractProtocol.java:891)
	at org.apache.tomcat.util.net.NioEndpoint$SocketProcessor.doRun(NioEndpoint.java:1784)
	at org.apache.tomcat.util.net.SocketProcessorBase.run(SocketProcessorBase.java:49)
	at org.apache.tomcat.util.threads.ThreadPoolExecutor.runWorker(ThreadPoolExecutor.java:1191)
	at org.apache.tomcat.util.threads.ThreadPoolExecutor$Worker.run(ThreadPoolExecutor.java:659)
	at org.apache.tomcat.util.threads.TaskThread$WrappingRunnable.run(TaskThread.java:61)
	at java.base/java.lang.Thread.run(Thread.java:1589)
2023-04-05 15:16:37,633 INFO com.infosys.electronicstore.validate.ImageNameValidator [http-nio-9090-exec-4] Message from isvalid:passport.jpeg
2023-04-05 15:16:37,634 INFO com.infosys.electronicstore.controllers.UserController [http-nio-9090-exec-4] Initiating save request for create user 
2023-04-05 15:16:37,684 INFO com.infosys.electronicstore.controllers.UserController [http-nio-9090-exec-4] Completed save request for create user 
2023-04-05 15:16:54,047 INFO com.infosys.electronicstore.validate.ImageNameValidator [http-nio-9090-exec-5] Message from isvalid:passpor
2023-04-05 15:16:54,048 INFO com.infosys.electronicstore.controllers.UserController [http-nio-9090-exec-5] Initiating save request for create user 
2023-04-05 15:16:54,095 INFO com.infosys.electronicstore.controllers.UserController [http-nio-9090-exec-5] Completed save request for create user 
